41001
41002
41004
41008
41009
41010
41013
41024
41025
41029
41033
41037
41038
41040
41043
41044
41046
41047
41048
41049
41052
41053
41056
41064
42001
42002
42003
42012
42013
42019
42020
42022
42023
42026
42035
42036
42039
42040
42043
42045
42055
42056
42057
42058
42059
42060
42085
42360
42395
44005
44007
44008
44009
44011
44013
44014
44017
44018
44020
44022
44025
44027
44029
44030
44032
44033
44034
44037
44042
44058
44062
44063
44064
44065
44066
44072
45001
45002
45003
45004
45005
45006
45007
45008
45012
45013
45014
45022
45024
45025
45026
45027
45028
45029
45161
45162
45163
45165
45168
45169
45170
45173
45174
45175
45176
45183
45186
45187
46001
46002
46005
46006
46011
46012
46013
46014
46022
46025
46026
46027
46028
46029
46041
46042
46047
46050
46053
46054
46059
46060
46061
46066
46069
46071
46072
46073
46075
46076
46077
46078
46080
46081
46082
46083
46084
46085
46086
46087
46088
46089
46097
46098
46099
46100
46120
46121
46125
51000
51001
51002
51003
51004
AAMC1
ADKA2
AGCM4
AGXC1
AJXA2
AMAA2
AMRL1
ANPT2
ANTA2
ANVC1
APAM2
APNM4
AROP4
ARPF1
ASTO3
ATGM1
AUGA2
AWRT2
BABT2
BARA9
BAXC1
BDRN4
BDSP1
BEPB6
BHRI3
BIGM4
BISM2
BLIA2
BLIF1
BLTM3
BRND1
BSBM4
BSCA1
BUFN6
BURL1
BUZM3
BYGL1
BZST2
CAMM2
CAPL1
CBRW3
CDRF1
CDXA2
CFWM1
CHAV3
CHBV2
CHCM2
CHDS1
CHII2
CHSV3
CHTS1
CHYV2
CLBF1
CLBP4
CLKN7
CLSM4
CMAN4
CMLN3
CMTI2
CNDO1
CNII2
COVM2
CPMW1
CPNW1
CPTR1
CPVM2
CPXC1
CRTA1
CRVA2
CRYV2
CSPA2
CWBF1
DBLN6
DELD1
DESW1
DISW3
DOMV2
DPIA1
DPXC1
DTLM4
DUKN7
DULM5
EINL1
EMAT2
EPTT2
EREP1
ERXA2
ESPP4
FAIO1
FBIS1
FCGT2
FFIA2
FILA2
FMOA1
FMRF1
FOXR1
FPKG1
FPST2
FPTM4
FRDF1
FREL1
FRVM3
FRWL1
FRXM3
FSKM2
FSNM2
FSTI2
FTGM4
FTPC1
FWYF1
GCTF1
GDMM5
GELO1
GISL1
GIXA2
GNJT2
GRIM4
GRMM4
GRRT2
GSLM4
GTLM4
GTOT2
GTRM4
GUXA2
HAXA2
HCGN7
HHLO1
HIST2
HLNM4
HMSA2
HRBM4
HRVC1
ICAC1
ICYA2
IOSN3
ITKA2
JAKI2
JLXA2
JMLA2
JMPN7
JNEA2
KATA1
KDAA2
KECA2
KEXA2
KGCA2
KNSW3
KPTN6
KPTV2
KTNF1
KWHH1
KWNW3
KYWF1
LAMV3
LAPW1
LCLL1
LCNA2
LDLC3
LDTM4
LIXA2
LKWF1
LMFS1
LNDC1
LONF1
LPNM4
LTBV3
LTJF1
LTRM4
LUIT2
LWSD1
LWTV2
MACM4
MBET2
MBLA1
MBPA1
MBRM4
MCGA1
MCGM4
MCYI3
MDRM1
MEEM4
MEYC1
MNMM4
MNPV2
MQTT2
MRHO1
MRKA2
MROS1
MRSL1
MRYA2
MVXA2
MYPF1
MZXC1
NABM4
NBBA3
NBLP1
NCDV2
NFDF1
NIAN6
NKLA2
NKTA2
NKXA2
NLMA3
NMTA2
NPSF1
NTBC1
NUET2
NWCL1
NWHC3
NWPO3
NWPR1
OBGN6
OBXC1
OKSI2
OKXC1
OLCN6
OLSA2
OMHC1
OPTF1
OSGN6
PACF1
PACT2
PAXA2
PBPA2
PCBF1
PCGT2
PCNT2
PCOC1
PEGF1
PFDC1
PFXC1
PGXA2
PHBP1
PILA2
PILL1
PILM4
PLXA2
PMAF1
PMNT2
PNLM4
PORO3
PORT2
POTA2
PPTA1
PPTM2
PPXC1
PRDA2
PRJC1
PRTA2
PRUR1
PSBC1
PSBM1
PSCM4
PSTL1
PSTN6
PSXC1
PTAT2
PTBM6
PTCR1
PTGC1
PTIM4
PTIT2
PTLA2
PTOA1
PTRP4
PVDR1
PVGF1
PWAW3
PXAC1
PXOC1
PXSC1
QPTR1
RCKM4
RCMC1
RCPT2
RCRN6
RDDA2
RIXA2
RLIT2
RLOT2
ROAM4
ROBN4
RPLV2
RPRN6
RSJT2
RTAT2
RTYC1
SANF1
SAPF1
SAUF1
SBBN2
SBEO3
SBIO1
SBLM4
SBPT2
SCXA2
SDHN4
SDIA2
SDRT2
SGNT2
SGNW3
SGOF1
SHBL1
SHPF1
SHXA2
SIPF1
SISW1
SJNP4
SJOM4
SJSN4
SKTA2
SKXA2
SLIM2
SLMN2
SLXA2
SMKF1
SNDA2
SNDP5
SPGF1
SPLL1
SRLM4
SRST2
STDM4
STXA2
SVNM4
SWPM4
SXHW3
TAQT2
TAWM4
TBIM4
TCBM2
TCMW1
TCNW1
TESL1
THLO1
TIBC1
TKEA2
TOKW1
TPAF1
TPLM2
TRDF1
TSHF1
TWCO1
TXPT2
UNLA2
UPBC1
VAKF1
VBBA3
VCAF1
VCAT2
VDZA2
VENF1
WAHV2
WATS1
WDSV2
WELM1
WFPM4
WHRI2
WLON7
WNEM4
WPOW1
WPTW1
WSLM4
WYCM6
YABP4
YKRV2
YKTV2
99999999
99999999