CAAW
CABB
CABF
CABR
CABT
CACP
CACQ
CADS
CAFC
CAFY
CAHD
CAHK
CAHR
CAHW
CAJT
CAJW
CAKC
CAMS
CAOH
CAOS
CAPR
CAQY
CARP
CAVA
CAWR
CBBC
CERM
CGMG
CMFM
CMGB
CMIN
CMLU
CMMY
CMRF
CMSI
CMTH
CNBB
CNBI
CNCD
CNCO
CNDT
CNGC
CNGH
CNLB
CNLD
CNNR
CNPK
CNTK
CNVQ
COTL
CPAA
CPBE
CPBS
CPBT
CPCA
CPEH
CPFI
CPFO
CPGL
CPIF
CPIL
CPIR
CPOX
CPQL
CPQW
CPRO
CPRY
CPSD
CPST
CPSV
CPXL
CTAG
CTBO
CTBT
CTCK
CTGT
CTKG
CTKR
CTMS
CTNK
CTPM
CTPQ
CTRA
CTTR
CTWL
CTXR
CTZE
CTZR
CVAS
CVBB
CVLY
CVOD
CVOM
CVOO
CVOQ
CVOU
CVQZ
CVRA
CVSL
CVTS
CVVR
CVXS
CVXY
CWAE
CWAF
CWAG
CWAJ
CWAQ
CWAS
CWAV
CWAY
CWBA
CWBD
CWBE
CWBK
CWBM
CWBO
CWBS
CWBT
CWBU
CWBV
CWBY
CWBZ
CWCF
CWCH
CWCJ
CWCO
CWCT
CWDC
CWDI
CWDJ
CWDK
CWDM
CWDO
CWDQ
CWDR
CWDU
CWDV
CWDZ
CWEA
CWEB
CWEC
CWEH
CWEI
CWEK
CWEL
CWEO
CWEP
CWEQ
CWER
CWEU
CWEW
CWEZ
CWFD
CWFE
CWFF
CWFG
CWFJ
CWFO
CWFQ
CWFW
CWFX
CWFZ
CWGB
CWGD
CWGF
CWGH
CWGL
CWGM
CWGN
CWGR
CWGT
CWGW
CWGX
CWGY
CWHI
CWHL
CWHN
CWHO
CWHP
CWHQ
CWHT
CWHV
CWIC
CWID
CWIG
CWII
CWIJ
CWIK
CWIL
CWIP
CWIS
CWIT
CWIW
CWIZ
CWJB
CWJC
CWJD
CWJH
CWJI
CWJL
CWJN
CWJO
CWJR
CWJT
CWJU
CWJV
CWJW
CWJX
CWKB
CWKG
CWKH
CWKK
CWKO
CWKX
CWLB
CWLC
CWLE
CWLF
CWLG
CWLI
CWLJ
CWLM
CWLP
CWLS
CWLV
CWLY
CWME
CWMI
CWMJ
CWMM
CWMQ
CWMT
CWMX
CWNC
CWND
CWNE
CWNH
CWNK
CWNM
CWNP
CWNQ
CWNR
CWNS
CWNV
CWNZ
CWOB
CWOC
CWOD
CWOE
CWOI
CWOJ
CWOK
CWON
CWOV
CWOY
CWPA
CWPC
CWPD
CWPE
CWPF
CWPG
CWPK
CWPL
CWPN
CWPO
CWPR
CWPU
CWPX
CWPZ
CWQC
CWQD
CWQF
CWQH
CWQK
CWQL
CWQO
CWQP
CWQQ
CWQR
CWQS
CWQV
CWQW
CWRD
CWRF
CWRJ
CWRK
CWRM
CWRN
CWRO
CWRR
CWRT
CWRU
CWRV
CWRX
CWRY
CWRZ
CWSA
CWSB
CWSD
CWSF
CWSG
CWSK
CWSL
CWSP
CWSR
CWSS
CWST
CWSU
CWSV
CWSW
CWSY
CWTA
CWTD
CWTE
CWTG
CWTN
CWTS
CWTT
CWTY
CWUK
CWUM
CWUS
CWUT
CWUW
CWUX
CWUY
CWVC
CWVF
CWVI
CWVN
CWVO
CWVP
CWVQ
CWVT
CWVU
CWVW
CWWA
CWWB
CWWC
CWWE
CWWF
CWWK
CWWL
CWWN
CWWO
CWWP
CWWS
CWWX
CWWZ
CWXA
CWXB
CWXC
CWXG
CWXI
CWXL
CWXN
CWXP
CWXS
CWYE
CWYF
CWYH
CWYI
CWYJ
CWYL
CWYQ
CWYY
CWZA
CWZE
CWZG
CWZL
CWZO
CWZQ
CWZR
CWZS
CWZT
CWZU
CWZV
CWZW
CWZZ
CXAF
CXAJ
CXAK
CXAR
CXAT
CXBA
CXBD
CXBI
CXBK
CXBL
CXBO
CXBQ
CXBR
CXBW
CXCA
CXCD
CXCK
CXCM
CXCP
CXCS
CXDB
CXDE
CXDI
CXDK
CXDP
CXDW
CXEA
CXEC
CXEG
CXET
CXFA
CXFB
CXFM
CXFR
CXFV
CXGD
CXGH
CXGM
CXHA
CXHD
CXHF
CXHI
CXHM
CXHP
CXHR
CXIB
CXKA
CXKE
CXKI
CXKM
CXKT
CXLB
CXLL
CXLT
CXMD
CXMG
CXMI
CXMM
CXMO
CXMP
CXMW
CXMY
CXND
CXNM
CXNP
CXOA
CXOL
CXOX
CXOY
CXPA
CXPC
CXPL
CXPS
CXQH
CXRB
CXRG
CXRH
CXRL
CXSC
CXSE
CXSH
CXSL
CXSP
CXTD
CXTH
CXTL
CXTN
CXTO
CXTP
CXTV
CXUX
CXVG
CXVM
CXVN
CXVW
CXWF
CXWM
CXWN
CXYH
CXZC
CXZV
CYAB
CYAH
CYAM
CYAS
CYAT
CYAY
CYAZ
CYBB
CYBC
CYBD
CYBG
CYBK
CYBL
CYBN
CYBQ
CYBR
CYBU
CYBV
CYBW
CYBX
CYCA
CYCB
CYCD
CYCG
CYCK
CYCO
CYCP
CYCQ
CYCS
CYCX
CYCY
CYDA
CYDB
CYDC
CYDF
CYDL
CYDN
CYDP
CYDQ
CYED
CYEG
CYEK
CYEN
CYER
CYET
CYEV
CYFB
CYFC
CYFO
CYFS
CYFT
CYGE
CYGH
CYGK
CYGL
CYGP
CYGQ
CYGR
CYGT
CYGV
CYGW
CYGX
CYHA
CYHD
CYHE
CYHI
CYHK
CYHM
CYHU
CYHY
CYHZ
CYIK
CYIN
CYIO
CYIV
CYJT
CYKA
CYKD
CYKF
CYKG
CYKJ
CYKL
CYKO
CYKP
CYKY
CYLA
CYLD
CYLH
CYLJ
CYLK
CYLL
CYLT
CYLU
CYLW
CYMA
CYMH
CYMJ
CYMM
CYMO
CYMT
CYMU
CYMX
CYNA
CYND
CYNE
CYNM
CYOA
CYOC
CYOD
CYOJ
CYOO
CYOW
CYOY
CYPA
CYPC
CYPD
CYPE
CYPG
CYPH
CYPL
CYPO
CYPQ
CYPR
CYPW
CYPX
CYPY
CYQA
CYQB
CYQD
CYQF
CYQG
CYQH
CYQI
CYQK
CYQL
CYQM
CYQQ
CYQR
CYQT
CYQU
CYQV
CYQW
CYQX
CYQY
CYQZ
CYRA
CYRB
CYRJ
CYRL
CYRQ
CYRT
CYRV
CYSB
CYSC
CYSF
CYSJ
CYSK
CYSM
CYSN
CYSP
CYSY
CYTE
CYTH
CYTL
CYTQ
CYTR
CYTS
CYTZ
CYUA
CYUB
CYUL
CYUS
CYUT
CYUX
CYUY
CYVC
CYVL
CYVM
CYVO
CYVP
CYVQ
CYVR
CYVT
CYVV
CYWA
CYWE
CYWG
CYWH
CYWJ
CYWK
CYWL
CYXC
CYXE
CYXH
CYXJ
CYXL
CYXP
CYXR
CYXS
CYXT
CYXU
CYXX
CYXY
CYXZ
CYYB
CYYC
CYYD
CYYE
CYYF
CYYG
CYYH
CYYJ
CYYL
CYYN
CYYQ
CYYR
CYYT
CYYU
CYYW
CYYY
CYYZ
CYZE
CYZF
CYZG
CYZH
CYZP
CYZR
CYZS
CYZT
CYZU
CYZV
CYZW
CYZX
CYZY
CZBF
CZCP
CZCR
CZCY
CZDB
CZEL
CZEV
CZFA
CZFM
CZFS
CZGH
CZHB
CZHK
CZHY
CZKA
CZKD
CZLT
CZMD
CZMJ
CZMT
CZOC
CZOL
CZPC
CZRP
CZSJ
CZSM
CZSP
CZST
CZTB
CZUM
CZVL
CZVM
CZWN
CZZJ
K04V
K04W
K05U
K06D
K08D
K0A9
K0CO
K0E0
K0F2
K0J4
K0V4
K0VG
K11R
K12N
K14Y
K1A5
K1A6
K1A9
K1AM
K1AN
K1BM
K1BN
K1BW
K1CM
K1CN
K1CW
K1DM
K1DN
K1EM
K1EN
K1F0
K1FM
K1FN
K1FW
K1GM
K1GN
K1H2
K1HM
K1HN
K1HW
K1IM
K1IN
K1IW
K1J0
K1JM
K1JN
K1K1
K1KM
K1KN
K1LM
K1LW
K1M4
K1M5
K1MM
K1MN
K1MW
K1NM
K1NN
K1OM
K1ON
K1OW
K1P1
K1R7
K1S5
K1V4
K1V6
K1YT
K20U
K20V
K21D
K24J
K28J
K2C8
K2D5
K2DP
K2G4
K2G9
K2I0
K2J9
K2V5
K2W6
K2WX
K33V
K3AU
K3D2
K3I2
K3J7
K3K3
K3LF
K3N8
K3R7
K3T5
K40J
K42J
K46D
K4A6
K4A9
K4BM
K4I3
K4M9
K4MR
K4O4
K4V0
K54J
K5A6
K5C1
K5H4
K5M9
K5R8
K5SM
K5T9
K65S
K66R
K6A1
K6A2
K6B0
K6I2
K6L4
K6R3
K6R6
K6S2
K79J
K7BM
K7L2
K7N0
K7W4
K82C
K82V
K8A0
K8A3
K8B0
K8D3
K8W2
K96D
K9D7
K9L2
K9MN
K9V9
KA08
KAAA
KAAF
KAAO
KAAT
KABE
KABH
KABI
KABQ
KABR
KABY
KACB
KACJ
KACK
KACP
KACQ
KACT
KACV
KACY
KADC
KADF
KADG
KADH
KADM
KADS
KADU
KADW
KAEG
KAEJ
KAEL
KAEX
KAFF
KAFJ
KAFK
KAFN
KAFO
KAFP
KAFW
KAGC
KAGS
KAHN
KAHQ
KAIA
KAIB
KAID
KAIG
KAIK
KAIO
KAIT
KAIZ
KAJG
KAJO
KAJZ
KAKH
KAKO
KAKQ
KAKR
KALB
KALI
KALK
KALM
KALN
KALO
KALS
KALW
KALX
KAMA
KAMG
KAMN
KAMW
KANB
KAND
KANE
KANJ
KANK
KANQ
KANW
KAOH
KAOO
KAPA
KAPC
KAPF
KAPG
KAPN
KAPY
KAQO
KAQP
KAQR
KAQV
KAQW
KAQX
KARA
KARB
KARG
KARM
KARR
KART
KARV
KARW
KASD
KASE
KASG
KASH
KASJ
KASL
KASN
KAST
KASW
KASX
KATL
KATP
KATS
KATT
KATW
KATY
KAUG
KAUH
KAUM
KAUN
KAUO
KAUS
KAUW
KAVC
KAVK
KAVL
KAVP
KAVQ
KAVX
KAWG
KAWM
KAWO
KAXA
KAXH
KAXN
KAXS
KAXV
KAXX
KAYS
KAZC
KAZE
KAZO
KBAB
KBAC
KBAD
KBAF
KBAK
KBAM
KBAN
KBAX
KBAZ
KBBB
KBBD
KBBF
KBBG
KBBP
KBBW
KBCB
KBCE
KBCK
KBCT
KBDE
KBDG
KBDH
KBDL
KBDN
KBDR
KBDU
KBEA
KBED
KBEH
KBFD
KBFF
KBFI
KBFL
KBFM
KBFW
KBGD
KBGE
KBGF
KBGM
KBGR
KBHB
KBHC
KBHK
KBHM
KBID
KBIE
KBIF
KBIH
KBIJ
KBIL
KBIS
KBIV
KBIX
KBJC
KBJI
KBJJ
KBKB
KBKD
KBKE
KBKF
KBKL
KBKN
KBKS
KBKT
KBKV
KBKW
KBKX
KBLF
KBLH
KBLI
KBLM
KBLU
KBLV
KBMC
KBMG
KBMI
KBML
KBMQ
KBMT
KBNA
KBNL
KBNO
KBNW
KBOI
KBOK
KBOS
KBOW
KBPC
KBPG
KBPI
KBPK
KBPT
KBQK
KBQP
KBQX
KBRD
KBRL
KBRO
KBTA
KBTL
KBTM
KBTP
KBTR
KBTV
KBUF
KBUR
KBUU
KBUY
KBVE
KBVI
KBVN
KBVO
KBVS
KBVU
KBVX
KBVY
KBWD
KBWG
KBWI
KBWP
KBXA
KBXK
KBYG
KBYI
KBYS
KBYY
KBZN
KC09
KC29
KC35
KC75
KCAD
KCAE
KCAG
KCAK
KCAO
KCAR
KCAV
KCBE
KCBF
KCBG
KCBK
KCBM
KCCA
KCCO
KCCR
KCCU
KCCY
KCDA
KCDC
KCDD
KCDH
KCDJ
KCDN
KCDR
KCDS
KCDW
KCEC
KCEF
KCEU
KCEW
KCEY
KCEZ
KCFD
KCFE
KCFS
KCFV
KCGC
KCGE
KCGF
KCGI
KCGS
KCGZ
KCHA
KCHD
KCHK
KCHO
KCHS
KCIC
KCID
KCIN
KCIR
KCIU
KCJR
KCKB
KCKC
KCKF
KCKI
KCKM
KCKN
KCKP
KCKV
KCKZ
KCLE
KCLI
KCLK
KCLL
KCLM
KCLS
KCLT
KCLW
KCMA
KCMD
KCMH
KCMI
KCMR
KCMX
KCMY
KCNB
KCNC
KCNI
KCNK
KCNM
KCNO
KCNU
KCNW
KCNY
KCOD
KCOE
KCOF
KCOM
KCON
KCOQ
KCOS
KCOT
KCOU
KCPC
KCPK
KCPR
KCPS
KCPT
KCPW
KCQB
KCQC
KCQF
KCQM
KCQT
KCQW
KCQX
KCRE
KCRG
KCRP
KCRQ
KCRS
KCRW
KCRX
KCSG
KCSM
KCSQ
KCSV
KCTB
KCTJ
KCTY
KCTZ
KCUB
KCUH
KCUL
KCUT
KCVB
KCVC
KCVG
KCVH
KCVN
KCVO
KCVS
KCVX
KCWA
KCWC
KCWF
KCWI
KCWN
KCWV
KCXE
KCXO
KCXP
KCXY
KCYS
KCZT
KCZZ
KD07
KD25
KD39
KD50
KD55
KD57
KD60
KD95
KDAA
KDAB
KDAG
KDAL
KDAN
KDAW
KDAY
KDBN
KDBQ
KDCA
KDCM
KDCU
KDCY
KDDC
KDDH
KDEC
KDED
KDEH
KDEN
KDEQ
KDET
KDEW
KDFI
KDFW
KDGW
KDHN
KDHT
KDIJ
KDIK
KDKB
KDKK
KDKR
KDLF
KDLH
KDLL
KDLN
KDLP
KDLS
KDLZ
KDMA
KDMH
KDMN
KDMO
KDMW
KDNL
KDNN
KDNS
KDNV
KDOV
KDPA
KDPL
KDQH
KDRA
KDRI
KDRM
KDRO
KDRT
KDSM
KDSV
KDTA
KDTL
KDTN
KDTO
KDTS
KDTW
KDUA
KDUB
KDUC
KDUG
KDUH
KDUJ
KDUX
KDVK
KDVL
KDVN
KDVO
KDVP
KDVT
KDWH
KDWU
KDWX
KDXR
KDXX
KDYA
KDYB
KDYL
KDYR
KDYS
KDYT
KDZB
KDZJ
KE11
KE16
KE38
KEAR
KEAT
KEAU
KEBG
KEBS
KECG
KECP
KECS
KECU
KEDC
KEDE
KEDJ
KEDN
KEDU
KEDW
KEED
KEEN
KEEO
KEET
KEFD
KEFK
KEFT
KEGE
KEGI
KEGV
KEHA
KEHO
KEHR
KEHY
KEIK
KEIR
KEKM
KEKN
KEKO
KEKQ
KEKS
KEKX
KELA
KELD
KELK
KELM
KELN
KELO
KELP
KELY
KELZ
KEMK
KEMM
KEMP
KEMT
KEMV
KEND
KENL
KENV
KENW
KEOE
KEOK
KEPH
KEQA
KEQY
KERI
KERV
KERY
KESC
KESF
KESN
KEST
KETB
KETC
KETH
KEUF
KEUG
KEUL
KEVB
KEVM
KEVU
KEVV
KEVW
KEWB
KEWK
KEWN
KEWR
KEXX
KEYE
KEYF
KEYW
KEZF
KEZM
KEZS
KF05
KF17
KF44
KF46
KF70
KFAF
KFAM
KFAR
KFAT
KFAY
KFBG
KFBL
KFCH
KFCI
KFCM
KFCS
KFDK
KFDR
KFDW
KFDY
KFEP
KFET
KFEW
KFFA
KFFC
KFFL
KFFM
KFFO
KFFT
KFFX
KFFZ
KFGN
KFGX
KFHB
KFHR
KFHU
KFIG
KFIN
KFIT
KFKA
KFKL
KFKN
KFKR
KFKS
KFLD
KFLG
KFLL
KFLO
KFLP
KFLY
KFME
KFMH
KFMM
KFMN
KFMY
KFNB
KFNL
KFNT
KFOA
KFOD
KFOE
KFOK
KFOT
KFOZ
KFPK
KFPR
KFQD
KFRG
KFRI
KFRM
KFRR
KFSD
KFSE
KFSI
KFSM
KFSO
KFST
KFSW
KFTG
KFTK
KFTN
KFTW
KFTY
KFUL
KFVE
KFVX
KFWA
KFWB
KFWC
KFWN
KFWS
KFWZ
KFXE
KFXY
KFYE
KFYG
KFYJ
KFYM
KFYV
KFZG
KFZY
KGAD
KGAF
KGAG
KGAI
KGAO
KGBD
KGBG
KGBK
KGCC
KGCD
KGCK
KGCM
KGCN
KGDB
KGDJ
KGDP
KGDV
KGED
KGEG
KGEU
KGEV
KGEY
KGEZ
KGFA
KGFK
KGFL
KGGE
KGGG
KGGI
KGGP
KGGW
KGHB
KGHG
KGHW
KGIC
KGIF
KGJT
KGKJ
KGKT
KGKY
KGLD
KGLE
KGLH
KGLR
KGLS
KGLW
KGLY
KGMJ
KGMU
KGNA
KGNB
KGNC
KGNR
KGNT
KGNV
KGOK
KGON
KGOO
KGOP
KGOV
KGPH
KGPI
KGPM
KGPT
KGPZ
KGRB
KGRD
KGRF
KGRI
KGRK
KGRR
KGRY
KGSB
KGSH
KGSO
KGSP
KGTB
KGTF
KGTR
KGTU
KGUC
KGUL
KGUP
KGUR
KGUS
KGUY
KGVE
KGVL
KGVT
KGWB
KGWO
KGWR
KGWW
KGXA
KGXF
KGXY
KGYB
KGYH
KGYI
KGYL
KGYR
KGYY
KGZH
KGZL
KHAE
KHAF
KHAI
KHAO
KHBG
KHBI
KHBR
KHBV
KHCD
KHCO
KHCR
KHDC
KHDE
KHDN
KHDO
KHEF
KHEG
KHEI
KHEQ
KHEY
KHEZ
KHFD
KHFF
KHFJ
KHGR
KHHF
KHHG
KHHR
KHHV
KHHW
KHIB
KHIE
KHIF
KHII
KHIO
KHJH
KHJO
KHKA
KHKS
KHKY
KHLB
KHLC
KHLG
KHLN
KHLR
KHLX
KHMN
KHMZ
KHNB
KHND
KHNR
KHNZ
KHOB
KHOE
KHON
KHOP
KHOT
KHOU
KHPN
KHQG
KHQI
KHQM
KHQU
KHQZ
KHRI
KHRJ
KHRL
KHRO
KHRT
KHRX
KHSA
KHSB
KHSE
KHSI
KHSP
KHST
KHSV
KHTH
KHTL
KHTO
KHTS
KHUA
KHUF
KHUL
KHUM
KHUT
KHVE
KHVN
KHVR
KHVS
KHWD
KHWO
KHWV
KHWY
KHXD
KHYA
KHYI
KHYR
KHYS
KHYW
KHYX
KHZD
KHZE
KHZL
KHZR
KHZX
KHZY
KI16
KI35
KI63
KI67
KI68
KI69
KI75
KIAB
KIAD
KIAG
KIAH
KIBM
KICL
KICR
KICT
KIDA
KIDI
KIDP
KIEN
KIER
KIFA
KIFP
KIGM
KIGQ
KIIB
KIIY
KIJD
KIJX
KIKK
KIKT
KIKV
KIKW
KILE
KILG
KILM
KILN
KIML
KIMM
KIMS
KIMT
KIND
KINF
KINJ
KINK
KINL
KINS
KINT
KINW
KIOB
KIOW
KIPJ
KIPL
KIPT
KIRK
KIRS
KISM
KISN
KISO
KISP
KISQ
KISW
KITH
KITR
KIWA
KIWD
KIWI
KIXA
KIXD
KIYA
KIZA
KIZG
KJAC
KJAN
KJAS
KJAX
KJBR
KJCT
KJDD
KJDN
KJEF
KJER
KJES
KJFK
KJFX
KJFZ
KJGG
KJHN
KJHW
KJKA
KJKJ
KJKL
KJLN
KJMR
KJMS
KJNX
KJOT
KJQF
KJRB
KJSO
KJST
KJSV
KJTC
KJVL
KJVW
KJWG
KJWN
KJWY
KJXI
KJXN
KJYG
KJYL
KJYM
KJYO
KJYR
KJZI
KKLS
KL18
KL35
KLAA
KLAF
KLAL
KLAM
KLAN
KLAR
KLAS
KLAW
KLAX
KLBB
KLBE
KLBF
KLBL
KLBO
KLBX
KLCG
KLCH
KLCI
KLCK
KLCQ
KLDJ
KLDM
KLEB
KLEE
KLEW
KLEX
KLFI
KLFK
KLFT
KLGA
KLGB
KLGC
KLGD
KLGU
KLHB
KLHM
KLHQ
KLHW
KLHX
KLHZ
KLIC
KLIT
KLJF
KLKR
KLKU
KLKV
KLLJ
KLLQ
KLMO
KLMT
KLNC
KLND
KLNK
KLNL
KLNN
KLNP
KLNR
KLNS
KLOL
KLOM
KLOR
KLOT
KLOU
KLOZ
KLPC
KLPR
KLQK
KLRD
KLRF
KLRJ
KLRO
KLRU
KLRY
KLSE
KLSF
KLSV
KLTS
KLUA
KLUD
KLUF
KLUK
KLUM
KLUX
KLVJ
KLVK
KLVL
KLVM
KLVN
KLVS
KLWA
KLWB
KLWC
KLWD
KLWM
KLWS
KLWT
KLWV
KLXL
KLXN
KLXT
KLXV
KLXY
KLYH
KLYV
KLZU
KLZZ
KM04
KM08
KM19
KM25
KM30
KM40
KM75
KM91
KMAE
KMAF
KMAI
KMAN
KMAO
KMAW
KMBG
KMBL
KMBS
KMCB
KMCC
KMCD
KMCE
KMCF
KMCI
KMCJ
KMCK
KMCN
KMCO
KMCW
KMCX
KMDD
KMDH
KMDJ
KMDQ
KMDS
KMDT
KMDW
KMDZ
KMEB
KMEH
KMEI
KMEM
KMER
KMEV
KMEZ
KMFD
KMFE
KMFI
KMFR
KMFV
KMGC
KMGE
KMGG
KMGJ
KMGM
KMGN
KMGR
KMGW
KMGY
KMHE
KMHK
KMHL
KMHR
KMHS
KMHT
KMHV
KMIA
KMIB
KMIC
KMIE
KMIS
KMIV
KMIW
KMJQ
KMJX
KMKC
KMKE
KMKG
KMKJ
KMKL
KMKN
KMKO
KMKS
KMKT
KMKY
KMLB
KMLC
KMLE
KMLF
KMLI
KMLJ
KMLP
KMLS
KMLT
KMLU
KMMH
KMMI
KMMK
KMML
KMMT
KMMU
KMMV
KMNE
KMNH
KMNI
KMNM
KMNN
KMNZ
KMOB
KMOD
KMOP
KMOR
KMOT
KMOX
KMPO
KMPV
KMPZ
KMQB
KMQE
KMQI
KMQJ
KMQS
KMQY
KMRB
KMRC
KMRF
KMRH
KMRJ
KMRN
KMRT
KMRY
KMSL
KMSN
KMSO
KMSP
KMSS
KMSV
KMSY
KMTC
KMTH
KMTJ
KMTN
KMTO
KMTP
KMTV
KMTW
KMUI
KMUO
KMUT
KMVE
KMVH
KMVL
KMVN
KMVY
KMWA
KMWC
KMWH
KMWK
KMWL
KMWM
KMWN
KMWO
KMWT
KMXF
KMXO
KMYF
KMYJ
KMYL
KMYP
KMYR
KMYV
KMYZ
KMZG
KMZH
KMZZ
KN03
KN38
KN60
KNAK
KNBC
KNBG
KNBT
KNCA
KNDZ
KNEL
KNEW
KNFE
KNFG
KNFL
KNFW
KNGP
KNGU
KNHK
KNID
KNIP
KNJK
KNJM
KNKT
KNKX
KNLC
KNMM
KNOG
KNOW
KNPA
KNQA
KNQI
KNQX
KNRB
KNRS
KNSE
KNSI
KNTD
KNTU
KNUC
KNUI
KNUQ
KNUW
KNXF
KNXP
KNY0
KNYC
KNYG
KNYL
KNZY
KO22
KO54
KO69
KO86
KOAJ
KOAK
KOBE
KOCF
KOCH
KOCQ
KOCW
KODO
KODX
KOEB
KOEO
KOFF
KOFK
KOFP
KOGA
KOGB
KOGD
KOGS
KOJA
KOJC
KOKB
KOKC
KOKK
KOKM
KOKV
KOKZ
KOLE
KOLF
KOLG
KOLM
KOLS
KOLU
KOLV
KOLY
KOLZ
KOMA
KOMH
KOMK
KOMN
KONA
KONL
KONM
KONO
KONP
KONT
KONX
KONZ
KOOA
KOPF
KOPL
KOPN
KOQT
KOQU
KORB
KORD
KORE
KORF
KORG
KORH
KORL
KORS
KOSA
KOSC
KOSH
KOSU
KOTG
KOTH
KOTM
KOUN
KOVE
KOVL
KOVS
KOWA
KOWB
KOWD
KOWP
KOXB
KOXC
KOXI
KOXR
KOXV
KOZA
KOZR
KOZW
KP08
KP28
KP53
KP58
KP59
KP60
KP68
KP69
KP92
KPAE
KPAH
KPAM
KPAN
KPAO
KPBF
KPBG
KPBH
KPBI
KPBX
KPCM
KPCW
KPCZ
KPDC
KPDK
KPDT
KPDX
KPEA
KPEO
KPEQ
KPEX
KPEZ
KPGA
KPGD
KPGV
KPHD
KPHF
KPHL
KPHN
KPHP
KPHT
KPHX
KPIA
KPIB
KPIE
KPIH
KPIL
KPIR
KPIT
KPKB
KPKD
KPKV
KPLN
KPLU
KPMD
KPMP
KPMV
KPNA
KPNC
KPNE
KPNM
KPNS
KPNT
KPOB
KPOC
KPOE
KPOF
KPOU
KPOV
KPOY
KPPA
KPPF
KPPO
KPPQ
KPQI
KPQL
KPQN
KPRB
KPRC
KPRG
KPRN
KPRO
KPRS
KPRX
KPSC
KPSF
KPSK
KPSM
KPSN
KPSO
KPSP
KPSX
KPTB
KPTD
KPTK
KPTN
KPTS
KPTT
KPTV
KPTW
KPUB
KPUC
KPUJ
KPUW
KPVB
KPVC
KPVD
KPVE
KPVF
KPVG
KPVJ
KPVU
KPVW
KPWA
KPWC
KPWG
KPWK
KPWM
KPWT
KPXE
KPYM
KPYX
KPZQ
KRAC
KRAL
KRAP
KRAS
KRBD
KRBG
KRBL
KRBO
KRBW
KRCA
KRCE
KRCM
KRCR
KRCV
KRCX
KRCZ
KRDD
KRDG
KRDK
KRDM
KRDR
KRDU
KREO
KRFD
KRFI
KRGK
KRHI
KRHP
KRHV
KRIC
KRIL
KRIV
KRIW
KRKD
KRKP
KRKR
KRKS
KRME
KRMG
KRMN
KRMY
KRNC
KRND
KRNH
KRNM
KRNO
KRNP
KRNT
KRNV
KROA
KROC
KROG
KROS
KROW
KROX
KRPD
KRPH
KRPJ
KRQB
KRQE
KRQO
KRRL
KRRT
KRSL
KRSN
KRSP
KRST
KRSV
KRSW
KRTN
KRTS
KRUE
KRUG
KRUQ
KRUT
KRVS
KRWF
KRWI
KRWL
KRWV
KRXE
KRYN
KRYV
KRYW
KRYY
KRZL
KRZN
KRZR
KRZT
KS25
KS32
KS39
KSAA
KSAC
KSAD
KSAF
KSAN
KSAR
KSAT
KSAV
KSAW
KSAZ
KSBA
KSBD
KSBM
KSBN
KSBO
KSBP
KSBS
KSBY
KSCD
KSCF
KSCH
KSCK
KSCR
KSDA
KSDB
KSDF
KSDL
KSDM
KSDY
KSEA
KSEE
KSEG
KSEM
KSEP
KSET
KSEZ
KSFB
KSFF
KSFM
KSFO
KSFQ
KSFY
KSFZ
KSGF
KSGH
KSGJ
KSGR
KSGS
KSGT
KSGU
KSHD
KSHL
KSHN
KSHR
KSHV
KSIF
KSIK
KSIY
KSJC
KSJN
KSJS
KSJT
KSJX
KSKA
KSKF
KSKX
KSLB
KSLC
KSLE
KSLG
KSLH
KSLI
KSLK
KSLN
KSLO
KSLR
KSME
KSMF
KSMN
KSMO
KSMP
KSMQ
KSMS
KSMX
KSNA
KSNC
KSNH
KSNK
KSNL
KSNS
KSNT
KSNY
KSOA
KSOP
KSOW
KSPA
KSPB
KSPD
KSPF
KSPG
KSPI
KSPR
KSPS
KSPW
KSQI
KSQL
KSRB
KSRC
KSRE
KSRQ
KSRR
KSSC
KSSF
KSSI
KSTC
KSTE
KSTF
KSTJ
KSTK
KSTL
KSTP
KSTS
KSUA
KSUE
KSUN
KSUS
KSUT
KSUU
KSUW
KSUX
KSVC
KSVE
KSVH
KSVN
KSWF
KSWO
KSWW
KSXS
KSXT
KSYF
KSYI
KSYM
KSYN
KSYR
KSZL
KSZT
KSZY
KT20
KT35
KT82
KTAD
KTAN
KTAZ
KTBN
KTBR
KTBX
KTCC
KTCL
KTCM
KTCS
KTDF
KTDR
KTDZ
KTEB
KTEW
KTEX
KTFP
KTGI
KTHA
KTHV
KTIF
KTIK
KTIP
KTIW
KTIX
KTKC
KTKI
KTKV
KTLH
KTMA
KTMB
KTME
KTMK
KTNB
KTNU
KTOA
KTOB
KTOC
KTOI
KTOL
KTOP
KTOR
KTPA
KTPF
KTPH
KTPL
KTQE
KTQH
KTRI
KTRK
KTRL
KTRM
KTSP
KTTA
KTTD
KTTF
KTTN
KTTS
KTUL
KTUP
KTUS
KTVC
KTVF
KTVI
KTVK
KTVL
KTVR
KTWF
KTWM
KTXK
KTYQ
KTYR
KTYS
KTZR
KU42
KU68
KUAO
KUBE
KUCP
KUCY
KUDG
KUES
KUGN
KUIL
KUIN
KUKF
KUKI
KUKT
KULM
KUNI
KUNO
KUNU
KUNV
KUOX
KUSE
KUTA
KUTS
KUUU
KUVA
KUXL
KUYF
KUZA
KVAD
KVAF
KVAY
KVBG
KVBT
KVBW
KVCB
KVCT
KVCV
KVDF
KVDI
KVEL
KVER
KVES
KVGT
KVIH
KVIS
KVJI
KVKS
KVKY
KVLD
KVLL
KVNC
KVNY
KVOA
KVOK
KVPC
KVPS
KVPZ
KVQQ
KVQT
KVRB
KVSF
KVTA
KVTI
KVTN
KVTP
KVUJ
KVUO
KVVV
KVWU
KVYS
KW13
KW22
KW29
KW31
KW43
KW63
KW75
KW78
KW81
KW96
KW99
KWAL
KWDG
KWDR
KWHP
KWJF
KWLD
KWMC
KWRB
KWRI
KWRL
KWST
KWVI
KWVL
KWWD
KWWR
KWYS
KXBP
KXIH
KXLL
KXMR
KXNA
KXPY
KXSA
KXVG
KY19
KY23
KY49
KY50
KY51
KY63
KY70
KYIP
KYKM
KYKN
KYNG
KZPH
KZZV
MDPC
MDPP
MDSD
MDST
MMDO
MMRX
MMSD
MMSP
MUCL
MUCM
MUCU
MUGM
MUHA
MUHG
MUVR
MYNN
PAAD
PAAK
PAAQ
PABA
PABE
PABI
PABL
PABR
PABT
PABV
PACD
PACM
PACV
PACZ
PADE
PADK
PADL
PADM
PADQ
PADU
PAED
PAEG
PAEH
PAEI
PAEM
PAEN
PAFA
PAFB
PAFE
PAFM
PAFR
PAFS
PAGA
PAGH
PAGK
PAGL
PAGM
PAGN
PAGS
PAGY
PAHL
PAHN
PAHO
PAHP
PAHX
PAIG
PAII
PAIK
PAIL
PAIM
PAIN
PAIW
PAJC
PAJN
PAJZ
PAKF
PAKH
PAKI
PAKK
PAKN
PAKP
PAKT
PAKU
PAKV
PAKW
PALG
PALH
PALP
PALU
PAMB
PAMC
PAMD
PAMH
PAMK
PAMM
PAMO
PAMR
PAMY
PANA
PANC
PANI
PANN
PANT
PANV
PANW
PAOH
PAOM
PAOO
PAOR
PAOT
PAOU
PAPB
PAPG
PAPH
PAPM
PAPN
PAPO
PAQH
PAQT
PARC
PARS
PARY
PASA
PASC
PASD
PASH
PASI
PASK
PASL
PASM
PASN
PASO
PASV
PASX
PASY
PATA
PATC
PATE
PATG
PATK
PATL
PATO
PATQ
PAUN
PAUT
PAVA
PAVC
PAVD
PAVL
PAWD
PAWG
PAWI
PAWM
PAWN
PAWS
PAYA
PAZK
PFCL
PFEL
PFKT
PFKW
PFNO
PFSH
PFWS
PFYU
PHBK
PHHI
PHJH
PHJR
PHKO
PHLI
PHMK
PHNG
PHNL
PHNY
PHOG
PHSF
PHTO
PPIT
PPIZ
TAPA
TBPB
TDCF
TDPD
TFFF
TFFR
TGPY
TIST
TISX
TJBQ
TJIG
TJNR
TJSJ
TKPK
TKPN
TLPC
TLPL
TNCA
TNCB
TNCC
TNCE
TNCM
TQPF
TRPG
TTCP
TTPP
TUPJ
TXKF
UHMA
99999999
99999999